2025-09-25 17:45:35 | INFO | Logging configured: Main=INFO, Console=INFO
2025-09-25 17:45:35 | INFO | Log directory: logs, Max size: 50MB, Backup count: 5
2025-09-25 17:45:35 | INFO | SIGNAL_CSV_TRADE_FILE_INITIALIZED: Signal generated
2025-09-25 17:46:16 | INFO | Logging configured: Main=INFO, Console=INFO
2025-09-25 17:46:16 | INFO | Log directory: logs, Max size: 50MB, Backup count: 5
2025-09-25 17:46:16 | INFO | SIGNAL_FEE_CALCULATOR_INITIALIZED: Signal generated
2025-09-25 17:46:16 | INFO | TRADE: buy 0 at $10619.4521484375
2025-09-25 17:46:16 | INFO | TRADE: buy 0 at $10575.974609375
2025-09-25 17:46:16 | INFO | TRADE: buy 0 at $10549.3291015625
2025-09-25 17:46:16 | INFO | TRADE: sell 0 at $10915.685546875
2025-09-25 17:46:16 | INFO | TRADE: buy 0 at $13271.28515625
2025-09-25 17:46:16 | INFO | TRADE: sell 0 at $13780.9951171875
2025-09-25 17:46:16 | INFO | TRADE: buy 0 at $14833.75390625
2025-09-25 17:46:16 | INFO | TRADE: sell 0 at $15701.33984375
2025-09-25 17:46:47 | INFO | Logging configured: Main=INFO, Console=INFO
2025-09-25 17:46:47 | INFO | Log directory: logs, Max size: 50MB, Backup count: 5
2025-09-25 17:46:47 | INFO | SIGNAL_FEE_CALCULATOR_INITIALIZED: Signal generated
2025-09-25 17:46:47 | INFO | TRADE: buy 0 at $10619.4521484375
2025-09-25 17:46:47 | INFO | TRADE: buy 0 at $10575.974609375
2025-09-25 17:46:47 | INFO | TRADE: buy 0 at $10549.3291015625
2025-09-25 17:46:47 | INFO | TRADE: sell 0 at $10915.685546875
2025-09-25 17:46:47 | INFO | TRADE: buy 0 at $13271.28515625
2025-09-25 17:46:47 | INFO | TRADE: sell 0 at $13780.9951171875
2025-09-25 17:46:47 | INFO | TRADE: buy 0 at $14833.75390625
2025-09-25 17:46:47 | INFO | TRADE: sell 0 at $15701.33984375
2025-09-25 17:52:34 | INFO | Logging configured: Main=INFO, Console=INFO
2025-09-25 17:52:34 | INFO | Log directory: logs, Max size: 50MB, Backup count: 5
2025-09-25 17:52:34 | INFO | SIGNAL_FEE_CALCULATOR_INITIALIZED: Signal generated
2025-09-25 17:52:34 | INFO | TRADE: buy 0 at $10619.4521484375
2025-09-25 17:52:34 | INFO | TRADE: buy 0 at $10575.974609375
2025-09-25 17:52:34 | INFO | TRADE: buy 0 at $10549.3291015625
2025-09-25 17:52:34 | INFO | TRADE: sell 0 at $10915.685546875
2025-09-25 17:52:34 | INFO | TRADE: buy 0 at $13271.28515625
2025-09-25 17:52:34 | INFO | TRADE: sell 0 at $13780.9951171875
2025-09-25 17:52:34 | INFO | TRADE: buy 0 at $14833.75390625
2025-09-25 17:52:34 | INFO | TRADE: sell 0 at $15701.33984375
2025-09-25 17:55:41 | INFO | Logging configured: Main=INFO, Console=INFO
2025-09-25 17:55:41 | INFO | Log directory: logs, Max size: 50MB, Backup count: 5
2025-09-25 17:55:41 | INFO | SIGNAL_FEE_CALCULATOR_INITIALIZED: Signal generated
2025-09-25 17:55:41 | INFO | TRADE: buy 0 at $118747.2265625
2025-09-25 17:55:41 | INFO | TRADE: buy 0 at $118213.5234375
2025-09-25 17:55:41 | INFO | TRADE: buy 0 at $117622.7890625
2025-09-25 17:55:41 | INFO | TRADE: buy 0 at $117015.578125
2025-09-25 17:55:41 | INFO | TRADE: buy 0 at $116217.7109375
2025-09-25 17:58:58 | INFO | Logging configured: Main=INFO, Console=INFO
2025-09-25 17:58:58 | INFO | Log directory: logs, Max size: 50MB, Backup count: 5
2025-09-25 17:58:58 | INFO | SIGNAL_FEE_CALCULATOR_INITIALIZED: Signal generated
2025-09-25 17:58:58 | INFO | TRADE: buy 0 at $106469.94
2025-09-25 17:58:58 | INFO | TRADE: buy 0 at $105829.23
2025-09-25 17:58:58 | INFO | TRADE: buy 0 at $105398.53
2025-09-25 17:58:58 | INFO | TRADE: buy 0 at $115914.35
2025-09-25 17:58:58 | INFO | TRADE: buy 0 at $115321.61
2025-09-25 18:01:00 | INFO | Logging configured: Main=INFO, Console=INFO
2025-09-25 18:01:00 | INFO | Log directory: logs, Max size: 50MB, Backup count: 5
2025-09-25 18:01:00 | INFO | SIGNAL_FEE_CALCULATOR_INITIALIZED: Signal generated
2025-09-25 18:01:00 | INFO | TRADE: buy 0 at $109408.01
2025-09-25 18:01:00 | INFO | TRADE: buy 0 at $108931.99
2025-09-25 18:01:00 | INFO | TRADE: buy 0 at $108380.37
2025-09-25 18:01:00 | INFO | TRADE: buy 0 at $107711.96
2025-09-25 18:01:00 | INFO | TRADE: buy 0 at $107373.14
2025-09-25 18:03:12 | INFO | Logging configured: Main=INFO, Console=INFO
2025-09-25 18:03:12 | INFO | Log directory: logs, Max size: 50MB, Backup count: 5
2025-09-25 18:03:12 | INFO | SIGNAL_FEE_CALCULATOR_INITIALIZED: Signal generated
2025-09-25 18:03:12 | INFO | TRADE: buy 0 at $109408.01
2025-09-25 18:03:12 | INFO | TRADE: sell 0 at $110691.29
2025-09-25 18:03:12 | INFO | TRADE: buy 0 at $108931.99
2025-09-25 18:03:12 | INFO | TRADE: buy 0 at $108380.37
2025-09-25 18:03:12 | INFO | TRADE: buy 0 at $107711.96
2025-09-25 18:03:13 | INFO | TRADE: buy 0 at $107373.14
2025-09-25 18:03:13 | INFO | TRADE: sell 0 at $111244.01
2025-09-25 18:07:29 | INFO | Logging configured: Main=INFO, Console=INFO
2025-09-25 18:07:29 | INFO | Log directory: logs, Max size: 50MB, Backup count: 5
2025-09-25 18:07:30 | INFO | SIGNAL_FEE_CALCULATOR_INITIALIZED: Signal generated
2025-09-25 18:07:30 | INFO | TRADE: buy 0 at $109408.01
2025-09-25 18:07:30 | INFO | TRADE: sell 0 at $110691.29
2025-09-25 18:07:30 | INFO | TRADE: buy 0 at $108931.99
2025-09-25 18:07:30 | INFO | TRADE: buy 0 at $108380.37
2025-09-25 18:07:30 | INFO | TRADE: buy 0 at $107711.96
2025-09-25 18:07:30 | INFO | TRADE: buy 0 at $107373.14
2025-09-25 18:07:30 | INFO | TRADE: sell 0 at $111244.01
2025-09-25 18:12:29 | INFO | Logging configured: Main=INFO, Console=INFO
2025-09-25 18:12:29 | INFO | Log directory: logs, Max size: 50MB, Backup count: 5
2025-09-25 18:12:29 | INFO | SIGNAL_FEE_CALCULATOR_INITIALIZED: Signal generated
2025-09-25 18:12:29 | INFO | TRADE: buy 0 at $109408.01
2025-09-25 18:12:29 | INFO | TRADE: buy 0 at $108931.99
2025-09-25 18:12:29 | INFO | TRADE: buy 0 at $108380.37
2025-09-25 18:12:29 | INFO | TRADE: buy 0 at $107711.96
2025-09-25 18:12:29 | INFO | TRADE: buy 0 at $107276.08
2025-09-25 18:13:17 | INFO | Logging configured: Main=INFO, Console=INFO
2025-09-25 18:13:17 | INFO | Log directory: logs, Max size: 50MB, Backup count: 5
2025-09-25 18:13:17 | INFO | SIGNAL_FEE_CALCULATOR_INITIALIZED: Signal generated
2025-09-25 18:13:17 | INFO | TRADE: buy 0 at $109408.01
2025-09-25 18:13:17 | INFO | TRADE: buy 0 at $108721.99
2025-09-25 18:13:17 | INFO | TRADE: buy 0 at $108341.36
2025-09-25 18:13:17 | INFO | TRADE: buy 0 at $107711.96
2025-09-25 18:13:18 | INFO | TRADE: buy 0 at $112065.41
2025-09-25 18:13:39 | INFO | Logging configured: Main=INFO, Console=INFO
2025-09-25 18:13:39 | INFO | Log directory: logs, Max size: 50MB, Backup count: 5
2025-09-25 18:13:39 | INFO | SIGNAL_FEE_CALCULATOR_INITIALIZED: Signal generated
2025-09-25 18:13:39 | INFO | TRADE: buy 0 at $109408.01
2025-09-25 18:13:40 | INFO | TRADE: buy 0 at $108721.99
2025-09-25 18:13:40 | INFO | TRADE: buy 0 at $108341.36
2025-09-25 18:13:40 | INFO | TRADE: buy 0 at $107711.96
2025-09-25 18:13:41 | INFO | TRADE: buy 0 at $112065.41
2025-09-25 18:14:03 | INFO | Logging configured: Main=INFO, Console=INFO
2025-09-25 18:14:03 | INFO | Log directory: logs, Max size: 50MB, Backup count: 5
2025-09-25 18:14:03 | INFO | SIGNAL_FEE_CALCULATOR_INITIALIZED: Signal generated
2025-09-25 18:14:03 | INFO | TRADE: buy 0 at $109408.01
2025-09-25 18:14:03 | INFO | TRADE: buy 0 at $108721.99
2025-09-25 18:14:03 | INFO | TRADE: buy 0 at $108341.36
2025-09-25 18:14:03 | INFO | TRADE: buy 0 at $107711.96
2025-09-25 18:14:04 | INFO | TRADE: buy 0 at $112065.41
2025-09-25 18:16:18 | INFO | Logging configured: Main=INFO, Console=INFO
2025-09-25 18:16:18 | INFO | Log directory: logs, Max size: 50MB, Backup count: 5
2025-09-25 18:16:18 | INFO | SIGNAL_FEE_CALCULATOR_INITIALIZED: Signal generated
2025-09-25 18:16:18 | INFO | TRADE: buy 0 at $109212.56
2025-09-25 18:16:18 | INFO | TRADE: buy 0 at $108721.99
2025-09-25 18:16:18 | INFO | TRADE: buy 0 at $108115.77
2025-09-25 18:16:18 | INFO | TRADE: buy 0 at $107673.94
2025-09-25 18:16:20 | INFO | TRADE: buy 0 at $112065.41
2025-09-25 18:19:00 | INFO | Logging configured: Main=INFO, Console=INFO
2025-09-25 18:19:00 | INFO | Log directory: logs, Max size: 50MB, Backup count: 5
2025-09-25 18:19:00 | INFO | SIGNAL_FEE_CALCULATOR_INITIALIZED: Signal generated
2025-09-25 18:19:00 | INFO | TRADE: buy 0 at $117589.12
2025-09-25 18:19:00 | INFO | TRADE: buy 0 at $117002.01
2025-09-25 18:19:00 | INFO | TRADE: buy 0 at $116366.47
2025-09-25 18:19:00 | INFO | TRADE: buy 0 at $115819.2
2025-09-25 18:19:00 | INFO | TRADE: buy 0 at $114954.9
2025-09-25 18:21:36 | INFO | Logging configured: Main=INFO, Console=INFO
2025-09-25 18:21:36 | INFO | Log directory: logs, Max size: 50MB, Backup count: 5
2025-09-25 18:21:36 | INFO | SIGNAL_FEE_CALCULATOR_INITIALIZED: Signal generated
2025-09-25 18:21:36 | INFO | TRADE: buy 0 at $117600.0
2025-09-25 18:21:36 | INFO | TRADE: buy 0 at $117002.01
2025-09-25 18:21:36 | INFO | TRADE: buy 0 at $116366.47
2025-09-25 18:21:36 | INFO | TRADE: buy 0 at $115819.2
2025-09-25 18:21:36 | INFO | TRADE: buy 0 at $114954.9
2025-09-25 18:41:34 | INFO | Logging configured: Main=INFO, Console=INFO
2025-09-25 18:41:34 | INFO | Log directory: logs, Max size: 50MB, Backup count: 5
2025-09-25 18:41:34 | INFO | SIGNAL_FEE_CALCULATOR_INITIALIZED: Signal generated
2025-09-25 18:41:34 | INFO | TRADE: buy 0 at $117511.01
2025-09-25 18:41:34 | INFO | TRADE: buy 0 at $116909.29
2025-09-25 18:41:34 | INFO | TRADE: buy 0 at $116366.47
2025-09-25 18:41:34 | INFO | TRADE: buy 0 at $115611.34
2025-09-25 18:41:34 | INFO | TRADE: buy 0 at $114954.9
2025-09-25 18:43:51 | INFO | Logging configured: Main=INFO, Console=INFO
2025-09-25 18:43:51 | INFO | Log directory: logs, Max size: 50MB, Backup count: 5
2025-09-25 18:43:51 | INFO | SIGNAL_FEE_CALCULATOR_INITIALIZED: Signal generated
2025-09-25 18:43:51 | INFO | TRADE: buy 0 at $117511.01
2025-09-25 18:43:51 | INFO | TRADE: buy 0 at $116909.29
2025-09-25 18:43:51 | INFO | TRADE: buy 0 at $116295.63
2025-09-25 18:43:51 | INFO | TRADE: buy 0 at $115611.34
2025-09-25 18:43:51 | INFO | TRADE: buy 0 at $114954.9
2025-09-25 18:46:17 | INFO | Logging configured: Main=INFO, Console=INFO
2025-09-25 18:46:17 | INFO | Log directory: logs, Max size: 50MB, Backup count: 5
2025-09-25 18:46:17 | INFO | SIGNAL_FEE_CALCULATOR_INITIALIZED: Signal generated
2025-09-25 18:46:17 | INFO | TRADE: buy 0 at $117460.0
2025-09-25 18:46:17 | INFO | TRADE: buy 0 at $116816.35
2025-09-25 18:46:17 | INFO | TRADE: buy 0 at $116295.63
2025-09-25 18:46:17 | INFO | TRADE: buy 0 at $115611.34
2025-09-25 18:46:17 | INFO | TRADE: buy 0 at $114954.9
2025-09-25 18:48:39 | INFO | Logging configured: Main=INFO, Console=INFO
2025-09-25 18:48:39 | INFO | Log directory: logs, Max size: 50MB, Backup count: 5
2025-09-25 18:48:39 | INFO | SIGNAL_FEE_CALCULATOR_INITIALIZED: Signal generated
2025-09-25 18:48:39 | INFO | TRADE: buy 0 at $117460.0
2025-09-25 18:48:39 | INFO | TRADE: buy 0 at $116816.35
2025-09-25 18:48:39 | INFO | TRADE: buy 0 at $116137.45
2025-09-25 18:48:39 | INFO | TRADE: buy 0 at $115611.34
2025-09-25 18:48:39 | INFO | TRADE: buy 0 at $114954.9
2025-09-25 18:51:01 | INFO | Logging configured: Main=INFO, Console=INFO
2025-09-25 18:51:01 | INFO | Log directory: logs, Max size: 50MB, Backup count: 5
2025-09-25 18:51:01 | INFO | SIGNAL_FEE_CALCULATOR_INITIALIZED: Signal generated
2025-09-25 18:51:01 | INFO | TRADE: buy 0 at $117460.0
2025-09-25 18:51:01 | INFO | TRADE: buy 0 at $116816.35
2025-09-25 18:51:01 | INFO | TRADE: buy 0 at $116137.45
2025-09-25 18:51:01 | INFO | TRADE: buy 0 at $115611.34
2025-09-25 18:51:01 | INFO | TRADE: buy 0 at $114954.9
